<?xml version="1.0" encoding="UTF-8"?>
<!-- Generated by org.testng.reporters.JUnitXMLReporter -->
<testsuite ignored="0" hostname="Admins-MacBook-Pro.local" failures="0" tests="46" name="TestWithChrome" time="181.964" errors="0" timestamp="2019-10-24T20:46:59 ICT">
  <testcase classname="com.bankguru.scripts.RegisterNewAccountScript" name="RegisterScript" time="5.534"/>
  <testcase classname="com.bankguru.scripts.NewCustomerScript" name="NC01_NewCustomer01" time="0.145"/>
  <testcase classname="com.bankguru.scripts.NewCustomerScript" name="NC02_NumericCase" time="0.146"/>
  <testcase classname="com.bankguru.scripts.NewCustomerScript" name="NC03_SpecialCharacters" time="0.174"/>
  <testcase classname="com.bankguru.scripts.NewCustomerScript" name="NC04_FirstCharacterBlank" time="0.137"/>
  <testcase classname="com.bankguru.scripts.NewCustomerScript" name="NC05_AddressEmplty" time="0.145"/>
  <testcase classname="com.bankguru.scripts.NewCustomerScript" name="NC06_AddressHaveSpace" time="0.129"/>
  <testcase classname="com.bankguru.scripts.NewCustomerScript" name="NC08_CityFiledEmpty" time="0.138"/>
  <testcase classname="com.bankguru.scripts.NewCustomerScript" name="NC09_CityWithNumberic" time="0.154"/>
  <testcase classname="com.bankguru.scripts.NewCustomerScript" name="NC10_CityWithSpecialCharacter" time="0.169"/>
  <testcase classname="com.bankguru.scripts.NewCustomerScript" name="NC11_CityHaveSpace" time="0.14"/>
  <testcase classname="com.bankguru.scripts.NewCustomerScript" name="NC12_StateFieldEmpty" time="0.14"/>
  <testcase classname="com.bankguru.scripts.NewCustomerScript" name="NC13_StateFieldWithNumberic" time="0.143"/>
  <testcase classname="com.bankguru.scripts.NewCustomerScript" name="NC14_StateFieldWithSpecialCharacter" time="0.174"/>
  <testcase classname="com.bankguru.scripts.NewCustomerScript" name="NC15_SateFieldWithSpace" time="0.133"/>
  <testcase classname="com.bankguru.scripts.NewCustomerScript" name="NC16_PINFiledWithNumberic" time="0.173"/>
  <testcase classname="com.bankguru.scripts.NewCustomerScript" name="NC17_PinFieldEmpty" time="0.129"/>
  <testcase classname="com.bankguru.scripts.NewCustomerScript" name="NC18_PinFieldHave6Digits" time="0.175"/>
  <testcase classname="com.bankguru.scripts.NewCustomerScript" name="NC19_PinFieldWithSpecialCharcter" time="0.174"/>
  <testcase classname="com.bankguru.scripts.NewCustomerScript" name="NC20_PinFieldWithSpace" time="0.127"/>
  <testcase classname="com.bankguru.scripts.NewCustomerScript" name="NC21_TelephoneFieldEmpty" time="0.15"/>
  <testcase classname="com.bankguru.scripts.NewCustomerScript" name="NC22_TelephoneFieldHaveSpace" time="0.129"/>
  <testcase classname="com.bankguru.scripts.NewCustomerScript" name="NC25_TelephoneFieldWithSpecialCharacter" time="0.161"/>
  <testcase classname="com.bankguru.scripts.NewCustomerScript" name="NC26_EmailFieldEmpty" time="0.141"/>
  <testcase classname="com.bankguru.scripts.NewCustomerScript" name="NC27_EmailFieldWithIncorrectFormat" time="0.165"/>
  <testcase classname="com.bankguru.scripts.NewCustomerScript" name="NC29_EmailFieldWithSpace" time="0.166"/>
  <testcase classname="com.bankguru.scripts.NewCustomerScript" name="NC30_CreateNewCustomer" time="3.652"/>
  <testcase classname="com.bankguru.scripts.EditCustomerScript" name="EC01_CustomerIdEmpty" time="0.132"/>
  <testcase classname="com.bankguru.scripts.EditCustomerScript" name="EC02_CustomerIdNotNumberic" time="0.148"/>
  <testcase classname="com.bankguru.scripts.EditCustomerScript" name="EC03_CustomerIdhaveSpecialCharacter" time="0.155"/>
  <testcase classname="com.bankguru.scripts.EditCustomerScript" name="EC04_ValidCustomerId" time="1.423"/>
  <testcase classname="com.bankguru.scripts.EditCustomerScript" name="EC08_AddressIsEmpty" time="1.852"/>
  <testcase classname="com.bankguru.scripts.EditCustomerScript" name="EC09_CityIsEmpty" time="1.923"/>
  <testcase classname="com.bankguru.scripts.EditCustomerScript" name="EC10_CityNotNumberic" time="1.384"/>
  <testcase classname="com.bankguru.scripts.EditCustomerScript" name="EC11_CityCannotHaveSpecialCharacter" time="1.335"/>
  <testcase classname="com.bankguru.scripts.EditCustomerScript" name="EC12_StateFieldEmpty" time="1.294"/>
  <testcase classname="com.bankguru.scripts.EditCustomerScript" name="EC13_StateWithNumeric" time="3.56"/>
  <testcase classname="com.bankguru.scripts.EditCustomerScript" name="EC14_StateFieldWithSpecialCharacter" time="1.799"/>
  <testcase classname="com.bankguru.scripts.EditCustomerScript" name="EC15_PINMustBeNumeric" time="3.159"/>
  <testcase classname="com.bankguru.scripts.EditCustomerScript" name="EC16_PINFieldEmpty" time="2.709"/>
  <testcase classname="com.bankguru.scripts.EditCustomerScript" name="EC17_PINMustHave6Digits" time="3.22"/>
  <testcase classname="com.bankguru.scripts.EditCustomerScript" name="EC18_PINWithSpecialCharacter" time="1.953"/>
  <testcase classname="com.bankguru.scripts.EditCustomerScript" name="EC19_TelephoneWithEmpty" time="2.205"/>
  <testcase classname="com.bankguru.scripts.EditCustomerScript" name="EC20_TelephoneWithSpecialCharacter" time="2.472"/>
  <testcase classname="com.bankguru.scripts.EditCustomerScript" name="EC21_EmailEmpty" time="2.625"/>
  <testcase classname="com.bankguru.scripts.EditCustomerScript" name="EC22_EmailWithInvalidFormat" time="6.226"/>
</testsuite> <!-- TestWithChrome -->
