<?xml version="1.0" encoding="UTF-8"?>
<testng-results ignored="0" total="46" passed="46" failed="0" skipped="0">
  <reporter-output>
  </reporter-output>
  <suite started-at="2019-10-24T20:43:52 ICT" name="NgocTest" finished-at="2019-10-24T20:46:54 ICT" duration-ms="181964">
    <groups>
    </groups>
    <test started-at="2019-10-24T20:43:52 ICT" name="TestWithChrome" finished-at="2019-10-24T20:46:54 ICT" duration-ms="181964">
      <class name="com.bankguru.scripts.EditCustomerScript">
        <test-method is-config="true" signature="BeforeClass(java.lang.String, java.lang.String, java.lang.String)[pri:0, instance:com.bankguru.scripts.EditCustomerScript@75f32542]" started-at="2019-10-24T20:45:20 ICT" name="BeforeClass" finished-at="2019-10-24T20:45:34 ICT" duration-ms="14006" status="PASS">
          <params>
            <param index="0">
              <value>
                <![CDATA[chrome]]>
              </value>
            </param>
            <param index="1">
              <value>
                <![CDATA[78.0.3904.70]]>
              </value>
            </param>
            <param index="2">
              <value>
                <![CDATA[http://demo.guru99.com/v4/]]>
              </value>
            </param>
          </params>
          <reporter-output>
          </reporter-output>
        </test-method> <!-- BeforeClass -->
        <test-method is-config="true" signature="BeforeMethod()[pri:0, instance:com.bankguru.scripts.EditCustomerScript@75f32542]" started-at="2019-10-24T20:45:34 ICT" name="BeforeMethod" finished-at="2019-10-24T20:45:37 ICT" duration-ms="2987" status="PASS">
          <reporter-output>
          </reporter-output>
        </test-method> <!-- BeforeMethod -->
        <test-method signature="EC01_CustomerIdEmpty()[pri:0, instance:com.bankguru.scripts.EditCustomerScript@75f32542]" started-at="2019-10-24T20:45:37 ICT" name="EC01_CustomerIdEmpty" finished-at="2019-10-24T20:45:38 ICT" duration-ms="132" status="PASS">
          <reporter-output>
          </reporter-output>
        </test-method> <!-- EC01_CustomerIdEmpty -->
        <test-method is-config="true" signature="afterMethod(org.testng.ITestResult)[pri:0, instance:com.bankguru.scripts.EditCustomerScript@75f32542]" started-at="2019-10-24T20:45:38 ICT" name="afterMethod" finished-at="2019-10-24T20:45:38 ICT" duration-ms="1" status="PASS">
          <params>
            <param index="0">
              <value>
                <![CDATA[[TestResult name=EC01_CustomerIdEmpty status=SUCCESS method=EditCustomerScript.EC01_CustomerIdEmpty()[pri:0, instance:com.bankguru.scripts.EditCustomerScript@75f32542] output={null}]]]>
              </value>
            </param>
          </params>
          <reporter-output>
          </reporter-output>
        </test-method> <!-- afterMethod -->
        <test-method is-config="true" signature="BeforeMethod()[pri:0, instance:com.bankguru.scripts.EditCustomerScript@75f32542]" started-at="2019-10-24T20:45:38 ICT" name="BeforeMethod" finished-at="2019-10-24T20:45:39 ICT" duration-ms="1400" status="PASS">
          <reporter-output>
          </reporter-output>
        </test-method> <!-- BeforeMethod -->
        <test-method signature="EC02_CustomerIdNotNumberic()[pri:0, instance:com.bankguru.scripts.EditCustomerScript@75f32542]" started-at="2019-10-24T20:45:39 ICT" name="EC02_CustomerIdNotNumberic" finished-at="2019-10-24T20:45:39 ICT" duration-ms="148" status="PASS">
          <reporter-output>
          </reporter-output>
        </test-method> <!-- EC02_CustomerIdNotNumberic -->
        <test-method is-config="true" signature="afterMethod(org.testng.ITestResult)[pri:0, instance:com.bankguru.scripts.EditCustomerScript@75f32542]" started-at="2019-10-24T20:45:39 ICT" name="afterMethod" finished-at="2019-10-24T20:45:39 ICT" duration-ms="1" status="PASS">
          <params>
            <param index="0">
              <value>
                <![CDATA[[TestResult name=EC02_CustomerIdNotNumberic status=SUCCESS method=EditCustomerScript.EC02_CustomerIdNotNumberic()[pri:0, instance:com.bankguru.scripts.EditCustomerScript@75f32542] output={null}]]]>
              </value>
            </param>
          </params>
          <reporter-output>
          </reporter-output>
        </test-method> <!-- afterMethod -->
        <test-method is-config="true" signature="BeforeMethod()[pri:0, instance:com.bankguru.scripts.EditCustomerScript@75f32542]" started-at="2019-10-24T20:45:39 ICT" name="BeforeMethod" finished-at="2019-10-24T20:45:40 ICT" duration-ms="908" status="PASS">
          <reporter-output>
          </reporter-output>
        </test-method> <!-- BeforeMethod -->
        <test-method signature="EC03_CustomerIdhaveSpecialCharacter()[pri:0, instance:com.bankguru.scripts.EditCustomerScript@75f32542]" started-at="2019-10-24T20:45:40 ICT" name="EC03_CustomerIdhaveSpecialCharacter" finished-at="2019-10-24T20:45:40 ICT" duration-ms="155" status="PASS">
          <reporter-output>
          </reporter-output>
        </test-method> <!-- EC03_CustomerIdhaveSpecialCharacter -->
        <test-method is-config="true" signature="afterMethod(org.testng.ITestResult)[pri:0, instance:com.bankguru.scripts.EditCustomerScript@75f32542]" started-at="2019-10-24T20:45:40 ICT" name="afterMethod" finished-at="2019-10-24T20:45:40 ICT" duration-ms="1" status="PASS">
          <params>
            <param index="0">
              <value>
                <![CDATA[[TestResult name=EC03_CustomerIdhaveSpecialCharacter status=SUCCESS method=EditCustomerScript.EC03_CustomerIdhaveSpecialCharacter()[pri:0, instance:com.bankguru.scripts.EditCustomerScript@75f32542] output={null}]]]>
              </value>
            </param>
          </params>
          <reporter-output>
          </reporter-output>
        </test-method> <!-- afterMethod -->
        <test-method is-config="true" signature="BeforeMethod()[pri:0, instance:com.bankguru.scripts.EditCustomerScript@75f32542]" started-at="2019-10-24T20:45:40 ICT" name="BeforeMethod" finished-at="2019-10-24T20:45:43 ICT" duration-ms="3179" status="PASS">
          <reporter-output>
          </reporter-output>
        </test-method> <!-- BeforeMethod -->
        <test-method signature="EC04_ValidCustomerId()[pri:0, instance:com.bankguru.scripts.EditCustomerScript@75f32542]" started-at="2019-10-24T20:45:43 ICT" name="EC04_ValidCustomerId" finished-at="2019-10-24T20:45:45 ICT" duration-ms="1423" status="PASS">
          <reporter-output>
          </reporter-output>
        </test-method> <!-- EC04_ValidCustomerId -->
        <test-method is-config="true" signature="afterMethod(org.testng.ITestResult)[pri:0, instance:com.bankguru.scripts.EditCustomerScript@75f32542]" started-at="2019-10-24T20:45:45 ICT" name="afterMethod" finished-at="2019-10-24T20:45:45 ICT" duration-ms="1" status="PASS">
          <params>
            <param index="0">
              <value>
                <![CDATA[[TestResult name=EC04_ValidCustomerId status=SUCCESS method=EditCustomerScript.EC04_ValidCustomerId()[pri:0, instance:com.bankguru.scripts.EditCustomerScript@75f32542] output={null}]]]>
              </value>
            </param>
          </params>
          <reporter-output>
          </reporter-output>
        </test-method> <!-- afterMethod -->
        <test-method is-config="true" signature="BeforeMethod()[pri:0, instance:com.bankguru.scripts.EditCustomerScript@75f32542]" started-at="2019-10-24T20:45:45 ICT" name="BeforeMethod" finished-at="2019-10-24T20:45:48 ICT" duration-ms="3559" status="PASS">
          <reporter-output>
          </reporter-output>
        </test-method> <!-- BeforeMethod -->
        <test-method signature="EC08_AddressIsEmpty()[pri:0, instance:com.bankguru.scripts.EditCustomerScript@75f32542]" started-at="2019-10-24T20:45:48 ICT" name="EC08_AddressIsEmpty" finished-at="2019-10-24T20:45:50 ICT" duration-ms="1852" status="PASS">
          <reporter-output>
          </reporter-output>
        </test-method> <!-- EC08_AddressIsEmpty -->
        <test-method is-config="true" signature="afterMethod(org.testng.ITestResult)[pri:0, instance:com.bankguru.scripts.EditCustomerScript@75f32542]" started-at="2019-10-24T20:45:50 ICT" name="afterMethod" finished-at="2019-10-24T20:45:50 ICT" duration-ms="0" status="PASS">
          <params>
            <param index="0">
              <value>
                <![CDATA[[TestResult name=EC08_AddressIsEmpty status=SUCCESS method=EditCustomerScript.EC08_AddressIsEmpty()[pri:0, instance:com.bankguru.scripts.EditCustomerScript@75f32542] output={null}]]]>
              </value>
            </param>
          </params>
          <reporter-output>
          </reporter-output>
        </test-method> <!-- afterMethod -->
        <test-method is-config="true" signature="BeforeMethod()[pri:0, instance:com.bankguru.scripts.EditCustomerScript@75f32542]" started-at="2019-10-24T20:45:50 ICT" name="BeforeMethod" finished-at="2019-10-24T20:45:52 ICT" duration-ms="1314" status="PASS">
          <reporter-output>
          </reporter-output>
        </test-method> <!-- BeforeMethod -->
        <test-method signature="EC09_CityIsEmpty()[pri:0, instance:com.bankguru.scripts.EditCustomerScript@75f32542]" started-at="2019-10-24T20:45:52 ICT" name="EC09_CityIsEmpty" finished-at="2019-10-24T20:45:53 ICT" duration-ms="1923" status="PASS">
          <reporter-output>
          </reporter-output>
        </test-method> <!-- EC09_CityIsEmpty -->
        <test-method is-config="true" signature="BeforeMethod()[pri:0, instance:com.bankguru.scripts.EditCustomerScript@75f32542]" started-at="2019-10-24T20:45:53 ICT" name="BeforeMethod" finished-at="2019-10-24T20:45:55 ICT" duration-ms="1214" status="PASS">
          <reporter-output>
          </reporter-output>
        </test-method> <!-- BeforeMethod -->
        <test-method is-config="true" signature="afterMethod(org.testng.ITestResult)[pri:0, instance:com.bankguru.scripts.EditCustomerScript@75f32542]" started-at="2019-10-24T20:45:53 ICT" name="afterMethod" finished-at="2019-10-24T20:45:53 ICT" duration-ms="0" status="PASS">
          <params>
            <param index="0">
              <value>
                <![CDATA[[TestResult name=EC09_CityIsEmpty status=SUCCESS method=EditCustomerScript.EC09_CityIsEmpty()[pri:0, instance:com.bankguru.scripts.EditCustomerScript@75f32542] output={null}]]]>
              </value>
            </param>
          </params>
          <reporter-output>
          </reporter-output>
        </test-method> <!-- afterMethod -->
        <test-method signature="EC10_CityNotNumberic()[pri:0, instance:com.bankguru.scripts.EditCustomerScript@75f32542]" started-at="2019-10-24T20:45:55 ICT" name="EC10_CityNotNumberic" finished-at="2019-10-24T20:45:56 ICT" duration-ms="1384" status="PASS">
          <reporter-output>
          </reporter-output>
        </test-method> <!-- EC10_CityNotNumberic -->
        <test-method is-config="true" signature="afterMethod(org.testng.ITestResult)[pri:0, instance:com.bankguru.scripts.EditCustomerScript@75f32542]" started-at="2019-10-24T20:45:56 ICT" name="afterMethod" finished-at="2019-10-24T20:45:56 ICT" duration-ms="0" status="PASS">
          <params>
            <param index="0">
              <value>
                <![CDATA[[TestResult name=EC10_CityNotNumberic status=SUCCESS method=EditCustomerScript.EC10_CityNotNumberic()[pri:0, instance:com.bankguru.scripts.EditCustomerScript@75f32542] output={null}]]]>
              </value>
            </param>
          </params>
          <reporter-output>
          </reporter-output>
        </test-method> <!-- afterMethod -->
        <test-method is-config="true" signature="BeforeMethod()[pri:0, instance:com.bankguru.scripts.EditCustomerScript@75f32542]" started-at="2019-10-24T20:45:56 ICT" name="BeforeMethod" finished-at="2019-10-24T20:45:58 ICT" duration-ms="2145" status="PASS">
          <reporter-output>
          </reporter-output>
        </test-method> <!-- BeforeMethod -->
        <test-method signature="EC11_CityCannotHaveSpecialCharacter()[pri:0, instance:com.bankguru.scripts.EditCustomerScript@75f32542]" started-at="2019-10-24T20:45:58 ICT" name="EC11_CityCannotHaveSpecialCharacter" finished-at="2019-10-24T20:46:00 ICT" duration-ms="1335" status="PASS">
          <reporter-output>
          </reporter-output>
        </test-method> <!-- EC11_CityCannotHaveSpecialCharacter -->
        <test-method is-config="true" signature="afterMethod(org.testng.ITestResult)[pri:0, instance:com.bankguru.scripts.EditCustomerScript@75f32542]" started-at="2019-10-24T20:46:00 ICT" name="afterMethod" finished-at="2019-10-24T20:46:00 ICT" duration-ms="0" status="PASS">
          <params>
            <param index="0">
              <value>
                <![CDATA[[TestResult name=EC11_CityCannotHaveSpecialCharacter status=SUCCESS method=EditCustomerScript.EC11_CityCannotHaveSpecialCharacter()[pri:0, instance:com.bankguru.scripts.EditCustomerScript@75f32542] output={null}]]]>
              </value>
            </param>
          </params>
          <reporter-output>
          </reporter-output>
        </test-method> <!-- afterMethod -->
        <test-method is-config="true" signature="BeforeMethod()[pri:0, instance:com.bankguru.scripts.EditCustomerScript@75f32542]" started-at="2019-10-24T20:46:00 ICT" name="BeforeMethod" finished-at="2019-10-24T20:46:01 ICT" duration-ms="1430" status="PASS">
          <reporter-output>
          </reporter-output>
        </test-method> <!-- BeforeMethod -->
        <test-method signature="EC12_StateFieldEmpty()[pri:0, instance:com.bankguru.scripts.EditCustomerScript@75f32542]" started-at="2019-10-24T20:46:01 ICT" name="EC12_StateFieldEmpty" finished-at="2019-10-24T20:46:02 ICT" duration-ms="1294" status="PASS">
          <reporter-output>
          </reporter-output>
        </test-method> <!-- EC12_StateFieldEmpty -->
        <test-method is-config="true" signature="afterMethod(org.testng.ITestResult)[pri:0, instance:com.bankguru.scripts.EditCustomerScript@75f32542]" started-at="2019-10-24T20:46:02 ICT" name="afterMethod" finished-at="2019-10-24T20:46:02 ICT" duration-ms="0" status="PASS">
          <params>
            <param index="0">
              <value>
                <![CDATA[[TestResult name=EC12_StateFieldEmpty status=SUCCESS method=EditCustomerScript.EC12_StateFieldEmpty()[pri:0, instance:com.bankguru.scripts.EditCustomerScript@75f32542] output={null}]]]>
              </value>
            </param>
          </params>
          <reporter-output>
          </reporter-output>
        </test-method> <!-- afterMethod -->
        <test-method is-config="true" signature="BeforeMethod()[pri:0, instance:com.bankguru.scripts.EditCustomerScript@75f32542]" started-at="2019-10-24T20:46:02 ICT" name="BeforeMethod" finished-at="2019-10-24T20:46:06 ICT" duration-ms="3817" status="PASS">
          <reporter-output>
          </reporter-output>
        </test-method> <!-- BeforeMethod -->
        <test-method signature="EC13_StateWithNumeric()[pri:0, instance:com.bankguru.scripts.EditCustomerScript@75f32542]" started-at="2019-10-24T20:46:06 ICT" name="EC13_StateWithNumeric" finished-at="2019-10-24T20:46:10 ICT" duration-ms="3560" status="PASS">
          <reporter-output>
          </reporter-output>
        </test-method> <!-- EC13_StateWithNumeric -->
        <test-method is-config="true" signature="afterMethod(org.testng.ITestResult)[pri:0, instance:com.bankguru.scripts.EditCustomerScript@75f32542]" started-at="2019-10-24T20:46:10 ICT" name="afterMethod" finished-at="2019-10-24T20:46:10 ICT" duration-ms="0" status="PASS">
          <params>
            <param index="0">
              <value>
                <![CDATA[[TestResult name=EC13_StateWithNumeric status=SUCCESS method=EditCustomerScript.EC13_StateWithNumeric()[pri:0, instance:com.bankguru.scripts.EditCustomerScript@75f32542] output={null}]]]>
              </value>
            </param>
          </params>
          <reporter-output>
          </reporter-output>
        </test-method> <!-- afterMethod -->
        <test-method is-config="true" signature="BeforeMethod()[pri:0, instance:com.bankguru.scripts.EditCustomerScript@75f32542]" started-at="2019-10-24T20:46:10 ICT" name="BeforeMethod" finished-at="2019-10-24T20:46:12 ICT" duration-ms="1867" status="PASS">
          <reporter-output>
          </reporter-output>
        </test-method> <!-- BeforeMethod -->
        <test-method signature="EC14_StateFieldWithSpecialCharacter()[pri:0, instance:com.bankguru.scripts.EditCustomerScript@75f32542]" started-at="2019-10-24T20:46:12 ICT" name="EC14_StateFieldWithSpecialCharacter" finished-at="2019-10-24T20:46:13 ICT" duration-ms="1799" status="PASS">
          <reporter-output>
          </reporter-output>
        </test-method> <!-- EC14_StateFieldWithSpecialCharacter -->
        <test-method is-config="true" signature="afterMethod(org.testng.ITestResult)[pri:0, instance:com.bankguru.scripts.EditCustomerScript@75f32542]" started-at="2019-10-24T20:46:13 ICT" name="afterMethod" finished-at="2019-10-24T20:46:13 ICT" duration-ms="0" status="PASS">
          <params>
            <param index="0">
              <value>
                <![CDATA[[TestResult name=EC14_StateFieldWithSpecialCharacter status=SUCCESS method=EditCustomerScript.EC14_StateFieldWithSpecialCharacter()[pri:0, instance:com.bankguru.scripts.EditCustomerScript@75f32542] output={null}]]]>
              </value>
            </param>
          </params>
          <reporter-output>
          </reporter-output>
        </test-method> <!-- afterMethod -->
        <test-method is-config="true" signature="BeforeMethod()[pri:0, instance:com.bankguru.scripts.EditCustomerScript@75f32542]" started-at="2019-10-24T20:46:13 ICT" name="BeforeMethod" finished-at="2019-10-24T20:46:15 ICT" duration-ms="1871" status="PASS">
          <reporter-output>
          </reporter-output>
        </test-method> <!-- BeforeMethod -->
        <test-method signature="EC15_PINMustBeNumeric()[pri:0, instance:com.bankguru.scripts.EditCustomerScript@75f32542]" started-at="2019-10-24T20:46:15 ICT" name="EC15_PINMustBeNumeric" finished-at="2019-10-24T20:46:18 ICT" duration-ms="3159" status="PASS">
          <reporter-output>
          </reporter-output>
        </test-method> <!-- EC15_PINMustBeNumeric -->
        <test-method is-config="true" signature="afterMethod(org.testng.ITestResult)[pri:0, instance:com.bankguru.scripts.EditCustomerScript@75f32542]" started-at="2019-10-24T20:46:18 ICT" name="afterMethod" finished-at="2019-10-24T20:46:18 ICT" duration-ms="1" status="PASS">
          <params>
            <param index="0">
              <value>
                <![CDATA[[TestResult name=EC15_PINMustBeNumeric status=SUCCESS method=EditCustomerScript.EC15_PINMustBeNumeric()[pri:0, instance:com.bankguru.scripts.EditCustomerScript@75f32542] output={null}]]]>
              </value>
            </param>
          </params>
          <reporter-output>
          </reporter-output>
        </test-method> <!-- afterMethod -->
        <test-method is-config="true" signature="BeforeMethod()[pri:0, instance:com.bankguru.scripts.EditCustomerScript@75f32542]" started-at="2019-10-24T20:46:18 ICT" name="BeforeMethod" finished-at="2019-10-24T20:46:20 ICT" duration-ms="1496" status="PASS">
          <reporter-output>
          </reporter-output>
        </test-method> <!-- BeforeMethod -->
        <test-method signature="EC16_PINFieldEmpty()[pri:0, instance:com.bankguru.scripts.EditCustomerScript@75f32542]" started-at="2019-10-24T20:46:20 ICT" name="EC16_PINFieldEmpty" finished-at="2019-10-24T20:46:23 ICT" duration-ms="2709" status="PASS">
          <reporter-output>
          </reporter-output>
        </test-method> <!-- EC16_PINFieldEmpty -->
        <test-method is-config="true" signature="afterMethod(org.testng.ITestResult)[pri:0, instance:com.bankguru.scripts.EditCustomerScript@75f32542]" started-at="2019-10-24T20:46:23 ICT" name="afterMethod" finished-at="2019-10-24T20:46:23 ICT" duration-ms="0" status="PASS">
          <params>
            <param index="0">
              <value>
                <![CDATA[[TestResult name=EC16_PINFieldEmpty status=SUCCESS method=EditCustomerScript.EC16_PINFieldEmpty()[pri:0, instance:com.bankguru.scripts.EditCustomerScript@75f32542] output={null}]]]>
              </value>
            </param>
          </params>
          <reporter-output>
          </reporter-output>
        </test-method> <!-- afterMethod -->
        <test-method is-config="true" signature="BeforeMethod()[pri:0, instance:com.bankguru.scripts.EditCustomerScript@75f32542]" started-at="2019-10-24T20:46:23 ICT" name="BeforeMethod" finished-at="2019-10-24T20:46:24 ICT" duration-ms="1534" status="PASS">
          <reporter-output>
          </reporter-output>
        </test-method> <!-- BeforeMethod -->
        <test-method signature="EC17_PINMustHave6Digits()[pri:0, instance:com.bankguru.scripts.EditCustomerScript@75f32542]" started-at="2019-10-24T20:46:24 ICT" name="EC17_PINMustHave6Digits" finished-at="2019-10-24T20:46:27 ICT" duration-ms="3220" status="PASS">
          <reporter-output>
          </reporter-output>
        </test-method> <!-- EC17_PINMustHave6Digits -->
        <test-method is-config="true" signature="BeforeMethod()[pri:0, instance:com.bankguru.scripts.EditCustomerScript@75f32542]" started-at="2019-10-24T20:46:27 ICT" name="BeforeMethod" finished-at="2019-10-24T20:46:29 ICT" duration-ms="1968" status="PASS">
          <reporter-output>
          </reporter-output>
        </test-method> <!-- BeforeMethod -->
        <test-method is-config="true" signature="afterMethod(org.testng.ITestResult)[pri:0, instance:com.bankguru.scripts.EditCustomerScript@75f32542]" started-at="2019-10-24T20:46:27 ICT" name="afterMethod" finished-at="2019-10-24T20:46:27 ICT" duration-ms="0" status="PASS">
          <params>
            <param index="0">
              <value>
                <![CDATA[[TestResult name=EC17_PINMustHave6Digits status=SUCCESS method=EditCustomerScript.EC17_PINMustHave6Digits()[pri:0, instance:com.bankguru.scripts.EditCustomerScript@75f32542] output={null}]]]>
              </value>
            </param>
          </params>
          <reporter-output>
          </reporter-output>
        </test-method> <!-- afterMethod -->
        <test-method signature="EC18_PINWithSpecialCharacter()[pri:0, instance:com.bankguru.scripts.EditCustomerScript@75f32542]" started-at="2019-10-24T20:46:29 ICT" name="EC18_PINWithSpecialCharacter" finished-at="2019-10-24T20:46:31 ICT" duration-ms="1953" status="PASS">
          <reporter-output>
          </reporter-output>
        </test-method> <!-- EC18_PINWithSpecialCharacter -->
        <test-method is-config="true" signature="BeforeMethod()[pri:0, instance:com.bankguru.scripts.EditCustomerScript@75f32542]" started-at="2019-10-24T20:46:31 ICT" name="BeforeMethod" finished-at="2019-10-24T20:46:35 ICT" duration-ms="3769" status="PASS">
          <reporter-output>
          </reporter-output>
        </test-method> <!-- BeforeMethod -->
        <test-method is-config="true" signature="afterMethod(org.testng.ITestResult)[pri:0, instance:com.bankguru.scripts.EditCustomerScript@75f32542]" started-at="2019-10-24T20:46:31 ICT" name="afterMethod" finished-at="2019-10-24T20:46:31 ICT" duration-ms="0" status="PASS">
          <params>
            <param index="0">
              <value>
                <![CDATA[[TestResult name=EC18_PINWithSpecialCharacter status=SUCCESS method=EditCustomerScript.EC18_PINWithSpecialCharacter()[pri:0, instance:com.bankguru.scripts.EditCustomerScript@75f32542] output={null}]]]>
              </value>
            </param>
          </params>
          <reporter-output>
          </reporter-output>
        </test-method> <!-- afterMethod -->
        <test-method signature="EC19_TelephoneWithEmpty()[pri:0, instance:com.bankguru.scripts.EditCustomerScript@75f32542]" started-at="2019-10-24T20:46:35 ICT" name="EC19_TelephoneWithEmpty" finished-at="2019-10-24T20:46:37 ICT" duration-ms="2205" status="PASS">
          <reporter-output>
          </reporter-output>
        </test-method> <!-- EC19_TelephoneWithEmpty -->
        <test-method is-config="true" signature="afterMethod(org.testng.ITestResult)[pri:0, instance:com.bankguru.scripts.EditCustomerScript@75f32542]" started-at="2019-10-24T20:46:37 ICT" name="afterMethod" finished-at="2019-10-24T20:46:37 ICT" duration-ms="1" status="PASS">
          <params>
            <param index="0">
              <value>
                <![CDATA[[TestResult name=EC19_TelephoneWithEmpty status=SUCCESS method=EditCustomerScript.EC19_TelephoneWithEmpty()[pri:0, instance:com.bankguru.scripts.EditCustomerScript@75f32542] output={null}]]]>
              </value>
            </param>
          </params>
          <reporter-output>
          </reporter-output>
        </test-method> <!-- afterMethod -->
        <test-method is-config="true" signature="BeforeMethod()[pri:0, instance:com.bankguru.scripts.EditCustomerScript@75f32542]" started-at="2019-10-24T20:46:37 ICT" name="BeforeMethod" finished-at="2019-10-24T20:46:39 ICT" duration-ms="1810" status="PASS">
          <reporter-output>
          </reporter-output>
        </test-method> <!-- BeforeMethod -->
        <test-method signature="EC20_TelephoneWithSpecialCharacter()[pri:0, instance:com.bankguru.scripts.EditCustomerScript@75f32542]" started-at="2019-10-24T20:46:39 ICT" name="EC20_TelephoneWithSpecialCharacter" finished-at="2019-10-24T20:46:42 ICT" duration-ms="2472" status="PASS">
          <reporter-output>
          </reporter-output>
        </test-method> <!-- EC20_TelephoneWithSpecialCharacter -->
        <test-method is-config="true" signature="afterMethod(org.testng.ITestResult)[pri:0, instance:com.bankguru.scripts.EditCustomerScript@75f32542]" started-at="2019-10-24T20:46:42 ICT" name="afterMethod" finished-at="2019-10-24T20:46:42 ICT" duration-ms="1" status="PASS">
          <params>
            <param index="0">
              <value>
                <![CDATA[[TestResult name=EC20_TelephoneWithSpecialCharacter status=SUCCESS method=EditCustomerScript.EC20_TelephoneWithSpecialCharacter()[pri:0, instance:com.bankguru.scripts.EditCustomerScript@75f32542] output={null}]]]>
              </value>
            </param>
          </params>
          <reporter-output>
          </reporter-output>
        </test-method> <!-- afterMethod -->
        <test-method is-config="true" signature="BeforeMethod()[pri:0, instance:com.bankguru.scripts.EditCustomerScript@75f32542]" started-at="2019-10-24T20:46:42 ICT" name="BeforeMethod" finished-at="2019-10-24T20:46:43 ICT" duration-ms="1608" status="PASS">
          <reporter-output>
          </reporter-output>
        </test-method> <!-- BeforeMethod -->
        <test-method signature="EC21_EmailEmpty()[pri:0, instance:com.bankguru.scripts.EditCustomerScript@75f32542]" started-at="2019-10-24T20:46:43 ICT" name="EC21_EmailEmpty" finished-at="2019-10-24T20:46:46 ICT" duration-ms="2625" status="PASS">
          <reporter-output>
          </reporter-output>
        </test-method> <!-- EC21_EmailEmpty -->
        <test-method is-config="true" signature="afterMethod(org.testng.ITestResult)[pri:0, instance:com.bankguru.scripts.EditCustomerScript@75f32542]" started-at="2019-10-24T20:46:46 ICT" name="afterMethod" finished-at="2019-10-24T20:46:46 ICT" duration-ms="1" status="PASS">
          <params>
            <param index="0">
              <value>
                <![CDATA[[TestResult name=EC21_EmailEmpty status=SUCCESS method=EditCustomerScript.EC21_EmailEmpty()[pri:0, instance:com.bankguru.scripts.EditCustomerScript@75f32542] output={null}]]]>
              </value>
            </param>
          </params>
          <reporter-output>
          </reporter-output>
        </test-method> <!-- afterMethod -->
        <test-method is-config="true" signature="BeforeMethod()[pri:0, instance:com.bankguru.scripts.EditCustomerScript@75f32542]" started-at="2019-10-24T20:46:46 ICT" name="BeforeMethod" finished-at="2019-10-24T20:46:48 ICT" duration-ms="2065" status="PASS">
          <reporter-output>
          </reporter-output>
        </test-method> <!-- BeforeMethod -->
        <test-method signature="EC22_EmailWithInvalidFormat()[pri:0, instance:com.bankguru.scripts.EditCustomerScript@75f32542]" started-at="2019-10-24T20:46:48 ICT" name="EC22_EmailWithInvalidFormat" finished-at="2019-10-24T20:46:54 ICT" duration-ms="6226" status="PASS">
          <reporter-output>
          </reporter-output>
        </test-method> <!-- EC22_EmailWithInvalidFormat -->
        <test-method is-config="true" signature="afterMethod(org.testng.ITestResult)[pri:0, instance:com.bankguru.scripts.EditCustomerScript@75f32542]" started-at="2019-10-24T20:46:54 ICT" name="afterMethod" finished-at="2019-10-24T20:46:54 ICT" duration-ms="1" status="PASS">
          <params>
            <param index="0">
              <value>
                <![CDATA[[TestResult name=EC22_EmailWithInvalidFormat status=SUCCESS method=EditCustomerScript.EC22_EmailWithInvalidFormat()[pri:0, instance:com.bankguru.scripts.EditCustomerScript@75f32542] output={null}]]]>
              </value>
            </param>
          </params>
          <reporter-output>
          </reporter-output>
        </test-method> <!-- afterMethod -->
        <test-method is-config="true" signature="AfterClass()[pri:0, instance:com.bankguru.scripts.EditCustomerScript@75f32542]" started-at="2019-10-24T20:46:54 ICT" name="AfterClass" finished-at="2019-10-24T20:46:54 ICT" duration-ms="167" status="PASS">
          <reporter-output>
          </reporter-output>
        </test-method> <!-- AfterClass -->
      </class> <!-- com.bankguru.scripts.EditCustomerScript -->
      <class name="com.bankguru.scripts.NewCustomerScript">
        <test-method is-config="true" signature="BeforeClass(java.lang.String, java.lang.String, java.lang.String)[pri:0, instance:com.bankguru.scripts.NewCustomerScript@7692d9cc]" started-at="2019-10-24T20:44:10 ICT" name="BeforeClass" finished-at="2019-10-24T20:44:27 ICT" duration-ms="17239" status="PASS">
          <params>
            <param index="0">
              <value>
                <![CDATA[chrome]]>
              </value>
            </param>
            <param index="1">
              <value>
                <![CDATA[78.0.3904.70]]>
              </value>
            </param>
            <param index="2">
              <value>
                <![CDATA[http://demo.guru99.com/v4/]]>
              </value>
            </param>
          </params>
          <reporter-output>
          </reporter-output>
        </test-method> <!-- BeforeClass -->
        <test-method is-config="true" signature="BeforeMethod()[pri:0, instance:com.bankguru.scripts.NewCustomerScript@7692d9cc]" started-at="2019-10-24T20:44:27 ICT" name="BeforeMethod" finished-at="2019-10-24T20:44:30 ICT" duration-ms="2411" status="PASS">
          <reporter-output>
          </reporter-output>
        </test-method> <!-- BeforeMethod -->
        <test-method signature="NC01_NewCustomer01()[pri:0, instance:com.bankguru.scripts.NewCustomerScript@7692d9cc]" started-at="2019-10-24T20:44:30 ICT" name="NC01_NewCustomer01" finished-at="2019-10-24T20:44:30 ICT" duration-ms="145" status="PASS">
          <reporter-output>
          </reporter-output>
        </test-method> <!-- NC01_NewCustomer01 -->
        <test-method is-config="true" signature="BeforeMethod()[pri:0, instance:com.bankguru.scripts.NewCustomerScript@7692d9cc]" started-at="2019-10-24T20:44:30 ICT" name="BeforeMethod" finished-at="2019-10-24T20:44:31 ICT" duration-ms="1230" status="PASS">
          <reporter-output>
          </reporter-output>
        </test-method> <!-- BeforeMethod -->
        <test-method is-config="true" signature="afterMethod(org.testng.ITestResult)[pri:0, instance:com.bankguru.scripts.NewCustomerScript@7692d9cc]" started-at="2019-10-24T20:44:30 ICT" name="afterMethod" finished-at="2019-10-24T20:44:30 ICT" duration-ms="0" status="PASS">
          <params>
            <param index="0">
              <value>
                <![CDATA[[TestResult name=NC01_NewCustomer01 status=SUCCESS method=NewCustomerScript.NC01_NewCustomer01()[pri:0, instance:com.bankguru.scripts.NewCustomerScript@7692d9cc] output={null}]]]>
              </value>
            </param>
          </params>
          <reporter-output>
          </reporter-output>
        </test-method> <!-- afterMethod -->
        <test-method signature="NC02_NumericCase()[pri:0, instance:com.bankguru.scripts.NewCustomerScript@7692d9cc]" started-at="2019-10-24T20:44:31 ICT" name="NC02_NumericCase" finished-at="2019-10-24T20:44:31 ICT" duration-ms="146" status="PASS">
          <reporter-output>
          </reporter-output>
        </test-method> <!-- NC02_NumericCase -->
        <test-method is-config="true" signature="afterMethod(org.testng.ITestResult)[pri:0, instance:com.bankguru.scripts.NewCustomerScript@7692d9cc]" started-at="2019-10-24T20:44:31 ICT" name="afterMethod" finished-at="2019-10-24T20:44:31 ICT" duration-ms="1" status="PASS">
          <params>
            <param index="0">
              <value>
                <![CDATA[[TestResult name=NC02_NumericCase status=SUCCESS method=NewCustomerScript.NC02_NumericCase()[pri:0, instance:com.bankguru.scripts.NewCustomerScript@7692d9cc] output={null}]]]>
              </value>
            </param>
          </params>
          <reporter-output>
          </reporter-output>
        </test-method> <!-- afterMethod -->
        <test-method is-config="true" signature="BeforeMethod()[pri:0, instance:com.bankguru.scripts.NewCustomerScript@7692d9cc]" started-at="2019-10-24T20:44:31 ICT" name="BeforeMethod" finished-at="2019-10-24T20:44:33 ICT" duration-ms="1875" status="PASS">
          <reporter-output>
          </reporter-output>
        </test-method> <!-- BeforeMethod -->
        <test-method signature="NC03_SpecialCharacters()[pri:0, instance:com.bankguru.scripts.NewCustomerScript@7692d9cc]" started-at="2019-10-24T20:44:33 ICT" name="NC03_SpecialCharacters" finished-at="2019-10-24T20:44:33 ICT" duration-ms="174" status="PASS">
          <reporter-output>
          </reporter-output>
        </test-method> <!-- NC03_SpecialCharacters -->
        <test-method is-config="true" signature="afterMethod(org.testng.ITestResult)[pri:0, instance:com.bankguru.scripts.NewCustomerScript@7692d9cc]" started-at="2019-10-24T20:44:33 ICT" name="afterMethod" finished-at="2019-10-24T20:44:33 ICT" duration-ms="0" status="PASS">
          <params>
            <param index="0">
              <value>
                <![CDATA[[TestResult name=NC03_SpecialCharacters status=SUCCESS method=NewCustomerScript.NC03_SpecialCharacters()[pri:0, instance:com.bankguru.scripts.NewCustomerScript@7692d9cc] output={null}]]]>
              </value>
            </param>
          </params>
          <reporter-output>
          </reporter-output>
        </test-method> <!-- afterMethod -->
        <test-method is-config="true" signature="BeforeMethod()[pri:0, instance:com.bankguru.scripts.NewCustomerScript@7692d9cc]" started-at="2019-10-24T20:44:33 ICT" name="BeforeMethod" finished-at="2019-10-24T20:44:35 ICT" duration-ms="1287" status="PASS">
          <reporter-output>
          </reporter-output>
        </test-method> <!-- BeforeMethod -->
        <test-method signature="NC04_FirstCharacterBlank()[pri:0, instance:com.bankguru.scripts.NewCustomerScript@7692d9cc]" started-at="2019-10-24T20:44:35 ICT" name="NC04_FirstCharacterBlank" finished-at="2019-10-24T20:44:35 ICT" duration-ms="137" status="PASS">
          <reporter-output>
          </reporter-output>
        </test-method> <!-- NC04_FirstCharacterBlank -->
        <test-method is-config="true" signature="afterMethod(org.testng.ITestResult)[pri:0, instance:com.bankguru.scripts.NewCustomerScript@7692d9cc]" started-at="2019-10-24T20:44:35 ICT" name="afterMethod" finished-at="2019-10-24T20:44:35 ICT" duration-ms="1" status="PASS">
          <params>
            <param index="0">
              <value>
                <![CDATA[[TestResult name=NC04_FirstCharacterBlank status=SUCCESS method=NewCustomerScript.NC04_FirstCharacterBlank()[pri:0, instance:com.bankguru.scripts.NewCustomerScript@7692d9cc] output={null}]]]>
              </value>
            </param>
          </params>
          <reporter-output>
          </reporter-output>
        </test-method> <!-- afterMethod -->
        <test-method is-config="true" signature="BeforeMethod()[pri:0, instance:com.bankguru.scripts.NewCustomerScript@7692d9cc]" started-at="2019-10-24T20:44:35 ICT" name="BeforeMethod" finished-at="2019-10-24T20:44:36 ICT" duration-ms="1136" status="PASS">
          <reporter-output>
          </reporter-output>
        </test-method> <!-- BeforeMethod -->
        <test-method signature="NC05_AddressEmplty()[pri:0, instance:com.bankguru.scripts.NewCustomerScript@7692d9cc]" started-at="2019-10-24T20:44:36 ICT" name="NC05_AddressEmplty" finished-at="2019-10-24T20:44:36 ICT" duration-ms="145" status="PASS">
          <reporter-output>
          </reporter-output>
        </test-method> <!-- NC05_AddressEmplty -->
        <test-method is-config="true" signature="afterMethod(org.testng.ITestResult)[pri:0, instance:com.bankguru.scripts.NewCustomerScript@7692d9cc]" started-at="2019-10-24T20:44:36 ICT" name="afterMethod" finished-at="2019-10-24T20:44:36 ICT" duration-ms="1" status="PASS">
          <params>
            <param index="0">
              <value>
                <![CDATA[[TestResult name=NC05_AddressEmplty status=SUCCESS method=NewCustomerScript.NC05_AddressEmplty()[pri:0, instance:com.bankguru.scripts.NewCustomerScript@7692d9cc] output={null}]]]>
              </value>
            </param>
          </params>
          <reporter-output>
          </reporter-output>
        </test-method> <!-- afterMethod -->
        <test-method is-config="true" signature="BeforeMethod()[pri:0, instance:com.bankguru.scripts.NewCustomerScript@7692d9cc]" started-at="2019-10-24T20:44:36 ICT" name="BeforeMethod" finished-at="2019-10-24T20:44:37 ICT" duration-ms="823" status="PASS">
          <reporter-output>
          </reporter-output>
        </test-method> <!-- BeforeMethod -->
        <test-method signature="NC06_AddressHaveSpace()[pri:0, instance:com.bankguru.scripts.NewCustomerScript@7692d9cc]" started-at="2019-10-24T20:44:37 ICT" name="NC06_AddressHaveSpace" finished-at="2019-10-24T20:44:37 ICT" duration-ms="129" status="PASS">
          <reporter-output>
          </reporter-output>
        </test-method> <!-- NC06_AddressHaveSpace -->
        <test-method is-config="true" signature="afterMethod(org.testng.ITestResult)[pri:0, instance:com.bankguru.scripts.NewCustomerScript@7692d9cc]" started-at="2019-10-24T20:44:37 ICT" name="afterMethod" finished-at="2019-10-24T20:44:37 ICT" duration-ms="1" status="PASS">
          <params>
            <param index="0">
              <value>
                <![CDATA[[TestResult name=NC06_AddressHaveSpace status=SUCCESS method=NewCustomerScript.NC06_AddressHaveSpace()[pri:0, instance:com.bankguru.scripts.NewCustomerScript@7692d9cc] output={null}]]]>
              </value>
            </param>
          </params>
          <reporter-output>
          </reporter-output>
        </test-method> <!-- afterMethod -->
        <test-method is-config="true" signature="BeforeMethod()[pri:0, instance:com.bankguru.scripts.NewCustomerScript@7692d9cc]" started-at="2019-10-24T20:44:37 ICT" name="BeforeMethod" finished-at="2019-10-24T20:44:40 ICT" duration-ms="3023" status="PASS">
          <reporter-output>
          </reporter-output>
        </test-method> <!-- BeforeMethod -->
        <test-method signature="NC08_CityFiledEmpty()[pri:0, instance:com.bankguru.scripts.NewCustomerScript@7692d9cc]" started-at="2019-10-24T20:44:40 ICT" name="NC08_CityFiledEmpty" finished-at="2019-10-24T20:44:40 ICT" duration-ms="138" status="PASS">
          <reporter-output>
          </reporter-output>
        </test-method> <!-- NC08_CityFiledEmpty -->
        <test-method is-config="true" signature="afterMethod(org.testng.ITestResult)[pri:0, instance:com.bankguru.scripts.NewCustomerScript@7692d9cc]" started-at="2019-10-24T20:44:40 ICT" name="afterMethod" finished-at="2019-10-24T20:44:40 ICT" duration-ms="1" status="PASS">
          <params>
            <param index="0">
              <value>
                <![CDATA[[TestResult name=NC08_CityFiledEmpty status=SUCCESS method=NewCustomerScript.NC08_CityFiledEmpty()[pri:0, instance:com.bankguru.scripts.NewCustomerScript@7692d9cc] output={null}]]]>
              </value>
            </param>
          </params>
          <reporter-output>
          </reporter-output>
        </test-method> <!-- afterMethod -->
        <test-method is-config="true" signature="BeforeMethod()[pri:0, instance:com.bankguru.scripts.NewCustomerScript@7692d9cc]" started-at="2019-10-24T20:44:40 ICT" name="BeforeMethod" finished-at="2019-10-24T20:44:41 ICT" duration-ms="852" status="PASS">
          <reporter-output>
          </reporter-output>
        </test-method> <!-- BeforeMethod -->
        <test-method signature="NC09_CityWithNumberic()[pri:0, instance:com.bankguru.scripts.NewCustomerScript@7692d9cc]" started-at="2019-10-24T20:44:41 ICT" name="NC09_CityWithNumberic" finished-at="2019-10-24T20:44:41 ICT" duration-ms="154" status="PASS">
          <reporter-output>
          </reporter-output>
        </test-method> <!-- NC09_CityWithNumberic -->
        <test-method is-config="true" signature="afterMethod(org.testng.ITestResult)[pri:0, instance:com.bankguru.scripts.NewCustomerScript@7692d9cc]" started-at="2019-10-24T20:44:41 ICT" name="afterMethod" finished-at="2019-10-24T20:44:41 ICT" duration-ms="0" status="PASS">
          <params>
            <param index="0">
              <value>
                <![CDATA[[TestResult name=NC09_CityWithNumberic status=SUCCESS method=NewCustomerScript.NC09_CityWithNumberic()[pri:0, instance:com.bankguru.scripts.NewCustomerScript@7692d9cc] output={null}]]]>
              </value>
            </param>
          </params>
          <reporter-output>
          </reporter-output>
        </test-method> <!-- afterMethod -->
        <test-method is-config="true" signature="BeforeMethod()[pri:0, instance:com.bankguru.scripts.NewCustomerScript@7692d9cc]" started-at="2019-10-24T20:44:41 ICT" name="BeforeMethod" finished-at="2019-10-24T20:44:42 ICT" duration-ms="1218" status="PASS">
          <reporter-output>
          </reporter-output>
        </test-method> <!-- BeforeMethod -->
        <test-method signature="NC10_CityWithSpecialCharacter()[pri:0, instance:com.bankguru.scripts.NewCustomerScript@7692d9cc]" started-at="2019-10-24T20:44:42 ICT" name="NC10_CityWithSpecialCharacter" finished-at="2019-10-24T20:44:42 ICT" duration-ms="169" status="PASS">
          <reporter-output>
          </reporter-output>
        </test-method> <!-- NC10_CityWithSpecialCharacter -->
        <test-method is-config="true" signature="afterMethod(org.testng.ITestResult)[pri:0, instance:com.bankguru.scripts.NewCustomerScript@7692d9cc]" started-at="2019-10-24T20:44:42 ICT" name="afterMethod" finished-at="2019-10-24T20:44:42 ICT" duration-ms="1" status="PASS">
          <params>
            <param index="0">
              <value>
                <![CDATA[[TestResult name=NC10_CityWithSpecialCharacter status=SUCCESS method=NewCustomerScript.NC10_CityWithSpecialCharacter()[pri:0, instance:com.bankguru.scripts.NewCustomerScript@7692d9cc] output={null}]]]>
              </value>
            </param>
          </params>
          <reporter-output>
          </reporter-output>
        </test-method> <!-- afterMethod -->
        <test-method is-config="true" signature="BeforeMethod()[pri:0, instance:com.bankguru.scripts.NewCustomerScript@7692d9cc]" started-at="2019-10-24T20:44:42 ICT" name="BeforeMethod" finished-at="2019-10-24T20:44:48 ICT" duration-ms="5307" status="PASS">
          <reporter-output>
          </reporter-output>
        </test-method> <!-- BeforeMethod -->
        <test-method signature="NC11_CityHaveSpace()[pri:0, instance:com.bankguru.scripts.NewCustomerScript@7692d9cc]" started-at="2019-10-24T20:44:48 ICT" name="NC11_CityHaveSpace" finished-at="2019-10-24T20:44:48 ICT" duration-ms="140" status="PASS">
          <reporter-output>
          </reporter-output>
        </test-method> <!-- NC11_CityHaveSpace -->
        <test-method is-config="true" signature="afterMethod(org.testng.ITestResult)[pri:0, instance:com.bankguru.scripts.NewCustomerScript@7692d9cc]" started-at="2019-10-24T20:44:48 ICT" name="afterMethod" finished-at="2019-10-24T20:44:48 ICT" duration-ms="1" status="PASS">
          <params>
            <param index="0">
              <value>
                <![CDATA[[TestResult name=NC11_CityHaveSpace status=SUCCESS method=NewCustomerScript.NC11_CityHaveSpace()[pri:0, instance:com.bankguru.scripts.NewCustomerScript@7692d9cc] output={null}]]]>
              </value>
            </param>
          </params>
          <reporter-output>
          </reporter-output>
        </test-method> <!-- afterMethod -->
        <test-method is-config="true" signature="BeforeMethod()[pri:0, instance:com.bankguru.scripts.NewCustomerScript@7692d9cc]" started-at="2019-10-24T20:44:48 ICT" name="BeforeMethod" finished-at="2019-10-24T20:44:50 ICT" duration-ms="1766" status="PASS">
          <reporter-output>
          </reporter-output>
        </test-method> <!-- BeforeMethod -->
        <test-method signature="NC12_StateFieldEmpty()[pri:0, instance:com.bankguru.scripts.NewCustomerScript@7692d9cc]" started-at="2019-10-24T20:44:50 ICT" name="NC12_StateFieldEmpty" finished-at="2019-10-24T20:44:50 ICT" duration-ms="140" status="PASS">
          <reporter-output>
          </reporter-output>
        </test-method> <!-- NC12_StateFieldEmpty -->
        <test-method is-config="true" signature="afterMethod(org.testng.ITestResult)[pri:0, instance:com.bankguru.scripts.NewCustomerScript@7692d9cc]" started-at="2019-10-24T20:44:50 ICT" name="afterMethod" finished-at="2019-10-24T20:44:50 ICT" duration-ms="1" status="PASS">
          <params>
            <param index="0">
              <value>
                <![CDATA[[TestResult name=NC12_StateFieldEmpty status=SUCCESS method=NewCustomerScript.NC12_StateFieldEmpty()[pri:0, instance:com.bankguru.scripts.NewCustomerScript@7692d9cc] output={null}]]]>
              </value>
            </param>
          </params>
          <reporter-output>
          </reporter-output>
        </test-method> <!-- afterMethod -->
        <test-method is-config="true" signature="BeforeMethod()[pri:0, instance:com.bankguru.scripts.NewCustomerScript@7692d9cc]" started-at="2019-10-24T20:44:50 ICT" name="BeforeMethod" finished-at="2019-10-24T20:44:51 ICT" duration-ms="1382" status="PASS">
          <reporter-output>
          </reporter-output>
        </test-method> <!-- BeforeMethod -->
        <test-method signature="NC13_StateFieldWithNumberic()[pri:0, instance:com.bankguru.scripts.NewCustomerScript@7692d9cc]" started-at="2019-10-24T20:44:51 ICT" name="NC13_StateFieldWithNumberic" finished-at="2019-10-24T20:44:51 ICT" duration-ms="143" status="PASS">
          <reporter-output>
          </reporter-output>
        </test-method> <!-- NC13_StateFieldWithNumberic -->
        <test-method is-config="true" signature="afterMethod(org.testng.ITestResult)[pri:0, instance:com.bankguru.scripts.NewCustomerScript@7692d9cc]" started-at="2019-10-24T20:44:51 ICT" name="afterMethod" finished-at="2019-10-24T20:44:51 ICT" duration-ms="1" status="PASS">
          <params>
            <param index="0">
              <value>
                <![CDATA[[TestResult name=NC13_StateFieldWithNumberic status=SUCCESS method=NewCustomerScript.NC13_StateFieldWithNumberic()[pri:0, instance:com.bankguru.scripts.NewCustomerScript@7692d9cc] output={null}]]]>
              </value>
            </param>
          </params>
          <reporter-output>
          </reporter-output>
        </test-method> <!-- afterMethod -->
        <test-method is-config="true" signature="BeforeMethod()[pri:0, instance:com.bankguru.scripts.NewCustomerScript@7692d9cc]" started-at="2019-10-24T20:44:51 ICT" name="BeforeMethod" finished-at="2019-10-24T20:44:54 ICT" duration-ms="2739" status="PASS">
          <reporter-output>
          </reporter-output>
        </test-method> <!-- BeforeMethod -->
        <test-method signature="NC14_StateFieldWithSpecialCharacter()[pri:0, instance:com.bankguru.scripts.NewCustomerScript@7692d9cc]" started-at="2019-10-24T20:44:54 ICT" name="NC14_StateFieldWithSpecialCharacter" finished-at="2019-10-24T20:44:54 ICT" duration-ms="174" status="PASS">
          <reporter-output>
          </reporter-output>
        </test-method> <!-- NC14_StateFieldWithSpecialCharacter -->
        <test-method is-config="true" signature="afterMethod(org.testng.ITestResult)[pri:0, instance:com.bankguru.scripts.NewCustomerScript@7692d9cc]" started-at="2019-10-24T20:44:54 ICT" name="afterMethod" finished-at="2019-10-24T20:44:54 ICT" duration-ms="1" status="PASS">
          <params>
            <param index="0">
              <value>
                <![CDATA[[TestResult name=NC14_StateFieldWithSpecialCharacter status=SUCCESS method=NewCustomerScript.NC14_StateFieldWithSpecialCharacter()[pri:0, instance:com.bankguru.scripts.NewCustomerScript@7692d9cc] output={null}]]]>
              </value>
            </param>
          </params>
          <reporter-output>
          </reporter-output>
        </test-method> <!-- afterMethod -->
        <test-method is-config="true" signature="BeforeMethod()[pri:0, instance:com.bankguru.scripts.NewCustomerScript@7692d9cc]" started-at="2019-10-24T20:44:54 ICT" name="BeforeMethod" finished-at="2019-10-24T20:44:56 ICT" duration-ms="1786" status="PASS">
          <reporter-output>
          </reporter-output>
        </test-method> <!-- BeforeMethod -->
        <test-method signature="NC15_SateFieldWithSpace()[pri:0, instance:com.bankguru.scripts.NewCustomerScript@7692d9cc]" started-at="2019-10-24T20:44:56 ICT" name="NC15_SateFieldWithSpace" finished-at="2019-10-24T20:44:56 ICT" duration-ms="133" status="PASS">
          <reporter-output>
          </reporter-output>
        </test-method> <!-- NC15_SateFieldWithSpace -->
        <test-method is-config="true" signature="afterMethod(org.testng.ITestResult)[pri:0, instance:com.bankguru.scripts.NewCustomerScript@7692d9cc]" started-at="2019-10-24T20:44:56 ICT" name="afterMethod" finished-at="2019-10-24T20:44:56 ICT" duration-ms="0" status="PASS">
          <params>
            <param index="0">
              <value>
                <![CDATA[[TestResult name=NC15_SateFieldWithSpace status=SUCCESS method=NewCustomerScript.NC15_SateFieldWithSpace()[pri:0, instance:com.bankguru.scripts.NewCustomerScript@7692d9cc] output={null}]]]>
              </value>
            </param>
          </params>
          <reporter-output>
          </reporter-output>
        </test-method> <!-- afterMethod -->
        <test-method is-config="true" signature="BeforeMethod()[pri:0, instance:com.bankguru.scripts.NewCustomerScript@7692d9cc]" started-at="2019-10-24T20:44:56 ICT" name="BeforeMethod" finished-at="2019-10-24T20:44:57 ICT" duration-ms="1218" status="PASS">
          <reporter-output>
          </reporter-output>
        </test-method> <!-- BeforeMethod -->
        <test-method signature="NC16_PINFiledWithNumberic()[pri:0, instance:com.bankguru.scripts.NewCustomerScript@7692d9cc]" started-at="2019-10-24T20:44:57 ICT" name="NC16_PINFiledWithNumberic" finished-at="2019-10-24T20:44:58 ICT" duration-ms="173" status="PASS">
          <reporter-output>
          </reporter-output>
        </test-method> <!-- NC16_PINFiledWithNumberic -->
        <test-method is-config="true" signature="BeforeMethod()[pri:0, instance:com.bankguru.scripts.NewCustomerScript@7692d9cc]" started-at="2019-10-24T20:44:58 ICT" name="BeforeMethod" finished-at="2019-10-24T20:44:59 ICT" duration-ms="1146" status="PASS">
          <reporter-output>
          </reporter-output>
        </test-method> <!-- BeforeMethod -->
        <test-method is-config="true" signature="afterMethod(org.testng.ITestResult)[pri:0, instance:com.bankguru.scripts.NewCustomerScript@7692d9cc]" started-at="2019-10-24T20:44:58 ICT" name="afterMethod" finished-at="2019-10-24T20:44:58 ICT" duration-ms="0" status="PASS">
          <params>
            <param index="0">
              <value>
                <![CDATA[[TestResult name=NC16_PINFiledWithNumberic status=SUCCESS method=NewCustomerScript.NC16_PINFiledWithNumberic()[pri:0, instance:com.bankguru.scripts.NewCustomerScript@7692d9cc] output={null}]]]>
              </value>
            </param>
          </params>
          <reporter-output>
          </reporter-output>
        </test-method> <!-- afterMethod -->
        <test-method signature="NC17_PinFieldEmpty()[pri:0, instance:com.bankguru.scripts.NewCustomerScript@7692d9cc]" started-at="2019-10-24T20:44:59 ICT" name="NC17_PinFieldEmpty" finished-at="2019-10-24T20:44:59 ICT" duration-ms="129" status="PASS">
          <reporter-output>
          </reporter-output>
        </test-method> <!-- NC17_PinFieldEmpty -->
        <test-method is-config="true" signature="afterMethod(org.testng.ITestResult)[pri:0, instance:com.bankguru.scripts.NewCustomerScript@7692d9cc]" started-at="2019-10-24T20:44:59 ICT" name="afterMethod" finished-at="2019-10-24T20:44:59 ICT" duration-ms="1" status="PASS">
          <params>
            <param index="0">
              <value>
                <![CDATA[[TestResult name=NC17_PinFieldEmpty status=SUCCESS method=NewCustomerScript.NC17_PinFieldEmpty()[pri:0, instance:com.bankguru.scripts.NewCustomerScript@7692d9cc] output={null}]]]>
              </value>
            </param>
          </params>
          <reporter-output>
          </reporter-output>
        </test-method> <!-- afterMethod -->
        <test-method is-config="true" signature="BeforeMethod()[pri:0, instance:com.bankguru.scripts.NewCustomerScript@7692d9cc]" started-at="2019-10-24T20:44:59 ICT" name="BeforeMethod" finished-at="2019-10-24T20:45:00 ICT" duration-ms="1571" status="PASS">
          <reporter-output>
          </reporter-output>
        </test-method> <!-- BeforeMethod -->
        <test-method signature="NC18_PinFieldHave6Digits()[pri:0, instance:com.bankguru.scripts.NewCustomerScript@7692d9cc]" started-at="2019-10-24T20:45:00 ICT" name="NC18_PinFieldHave6Digits" finished-at="2019-10-24T20:45:01 ICT" duration-ms="175" status="PASS">
          <reporter-output>
          </reporter-output>
        </test-method> <!-- NC18_PinFieldHave6Digits -->
        <test-method is-config="true" signature="afterMethod(org.testng.ITestResult)[pri:0, instance:com.bankguru.scripts.NewCustomerScript@7692d9cc]" started-at="2019-10-24T20:45:01 ICT" name="afterMethod" finished-at="2019-10-24T20:45:01 ICT" duration-ms="1" status="PASS">
          <params>
            <param index="0">
              <value>
                <![CDATA[[TestResult name=NC18_PinFieldHave6Digits status=SUCCESS method=NewCustomerScript.NC18_PinFieldHave6Digits()[pri:0, instance:com.bankguru.scripts.NewCustomerScript@7692d9cc] output={null}]]]>
              </value>
            </param>
          </params>
          <reporter-output>
          </reporter-output>
        </test-method> <!-- afterMethod -->
        <test-method is-config="true" signature="BeforeMethod()[pri:0, instance:com.bankguru.scripts.NewCustomerScript@7692d9cc]" started-at="2019-10-24T20:45:01 ICT" name="BeforeMethod" finished-at="2019-10-24T20:45:01 ICT" duration-ms="766" status="PASS">
          <reporter-output>
          </reporter-output>
        </test-method> <!-- BeforeMethod -->
        <test-method signature="NC19_PinFieldWithSpecialCharcter()[pri:0, instance:com.bankguru.scripts.NewCustomerScript@7692d9cc]" started-at="2019-10-24T20:45:01 ICT" name="NC19_PinFieldWithSpecialCharcter" finished-at="2019-10-24T20:45:02 ICT" duration-ms="174" status="PASS">
          <reporter-output>
          </reporter-output>
        </test-method> <!-- NC19_PinFieldWithSpecialCharcter -->
        <test-method is-config="true" signature="afterMethod(org.testng.ITestResult)[pri:0, instance:com.bankguru.scripts.NewCustomerScript@7692d9cc]" started-at="2019-10-24T20:45:02 ICT" name="afterMethod" finished-at="2019-10-24T20:45:02 ICT" duration-ms="1" status="PASS">
          <params>
            <param index="0">
              <value>
                <![CDATA[[TestResult name=NC19_PinFieldWithSpecialCharcter status=SUCCESS method=NewCustomerScript.NC19_PinFieldWithSpecialCharcter()[pri:0, instance:com.bankguru.scripts.NewCustomerScript@7692d9cc] output={null}]]]>
              </value>
            </param>
          </params>
          <reporter-output>
          </reporter-output>
        </test-method> <!-- afterMethod -->
        <test-method is-config="true" signature="BeforeMethod()[pri:0, instance:com.bankguru.scripts.NewCustomerScript@7692d9cc]" started-at="2019-10-24T20:45:02 ICT" name="BeforeMethod" finished-at="2019-10-24T20:45:03 ICT" duration-ms="1669" status="PASS">
          <reporter-output>
          </reporter-output>
        </test-method> <!-- BeforeMethod -->
        <test-method signature="NC20_PinFieldWithSpace()[pri:0, instance:com.bankguru.scripts.NewCustomerScript@7692d9cc]" started-at="2019-10-24T20:45:03 ICT" name="NC20_PinFieldWithSpace" finished-at="2019-10-24T20:45:03 ICT" duration-ms="127" status="PASS">
          <reporter-output>
          </reporter-output>
        </test-method> <!-- NC20_PinFieldWithSpace -->
        <test-method is-config="true" signature="afterMethod(org.testng.ITestResult)[pri:0, instance:com.bankguru.scripts.NewCustomerScript@7692d9cc]" started-at="2019-10-24T20:45:03 ICT" name="afterMethod" finished-at="2019-10-24T20:45:03 ICT" duration-ms="1" status="PASS">
          <params>
            <param index="0">
              <value>
                <![CDATA[[TestResult name=NC20_PinFieldWithSpace status=SUCCESS method=NewCustomerScript.NC20_PinFieldWithSpace()[pri:0, instance:com.bankguru.scripts.NewCustomerScript@7692d9cc] output={null}]]]>
              </value>
            </param>
          </params>
          <reporter-output>
          </reporter-output>
        </test-method> <!-- afterMethod -->
        <test-method is-config="true" signature="BeforeMethod()[pri:0, instance:com.bankguru.scripts.NewCustomerScript@7692d9cc]" started-at="2019-10-24T20:45:03 ICT" name="BeforeMethod" finished-at="2019-10-24T20:45:04 ICT" duration-ms="934" status="PASS">
          <reporter-output>
          </reporter-output>
        </test-method> <!-- BeforeMethod -->
        <test-method signature="NC21_TelephoneFieldEmpty()[pri:0, instance:com.bankguru.scripts.NewCustomerScript@7692d9cc]" started-at="2019-10-24T20:45:04 ICT" name="NC21_TelephoneFieldEmpty" finished-at="2019-10-24T20:45:04 ICT" duration-ms="150" status="PASS">
          <reporter-output>
          </reporter-output>
        </test-method> <!-- NC21_TelephoneFieldEmpty -->
        <test-method is-config="true" signature="afterMethod(org.testng.ITestResult)[pri:0, instance:com.bankguru.scripts.NewCustomerScript@7692d9cc]" started-at="2019-10-24T20:45:04 ICT" name="afterMethod" finished-at="2019-10-24T20:45:04 ICT" duration-ms="1" status="PASS">
          <params>
            <param index="0">
              <value>
                <![CDATA[[TestResult name=NC21_TelephoneFieldEmpty status=SUCCESS method=NewCustomerScript.NC21_TelephoneFieldEmpty()[pri:0, instance:com.bankguru.scripts.NewCustomerScript@7692d9cc] output={null}]]]>
              </value>
            </param>
          </params>
          <reporter-output>
          </reporter-output>
        </test-method> <!-- afterMethod -->
        <test-method is-config="true" signature="BeforeMethod()[pri:0, instance:com.bankguru.scripts.NewCustomerScript@7692d9cc]" started-at="2019-10-24T20:45:04 ICT" name="BeforeMethod" finished-at="2019-10-24T20:45:06 ICT" duration-ms="1766" status="PASS">
          <reporter-output>
          </reporter-output>
        </test-method> <!-- BeforeMethod -->
        <test-method signature="NC22_TelephoneFieldHaveSpace()[pri:0, instance:com.bankguru.scripts.NewCustomerScript@7692d9cc]" started-at="2019-10-24T20:45:06 ICT" name="NC22_TelephoneFieldHaveSpace" finished-at="2019-10-24T20:45:06 ICT" duration-ms="129" status="PASS">
          <reporter-output>
          </reporter-output>
        </test-method> <!-- NC22_TelephoneFieldHaveSpace -->
        <test-method is-config="true" signature="BeforeMethod()[pri:0, instance:com.bankguru.scripts.NewCustomerScript@7692d9cc]" started-at="2019-10-24T20:45:06 ICT" name="BeforeMethod" finished-at="2019-10-24T20:45:09 ICT" duration-ms="2512" status="PASS">
          <reporter-output>
          </reporter-output>
        </test-method> <!-- BeforeMethod -->
        <test-method is-config="true" signature="afterMethod(org.testng.ITestResult)[pri:0, instance:com.bankguru.scripts.NewCustomerScript@7692d9cc]" started-at="2019-10-24T20:45:06 ICT" name="afterMethod" finished-at="2019-10-24T20:45:06 ICT" duration-ms="0" status="PASS">
          <params>
            <param index="0">
              <value>
                <![CDATA[[TestResult name=NC22_TelephoneFieldHaveSpace status=SUCCESS method=NewCustomerScript.NC22_TelephoneFieldHaveSpace()[pri:0, instance:com.bankguru.scripts.NewCustomerScript@7692d9cc] output={null}]]]>
              </value>
            </param>
          </params>
          <reporter-output>
          </reporter-output>
        </test-method> <!-- afterMethod -->
        <test-method signature="NC25_TelephoneFieldWithSpecialCharacter()[pri:0, instance:com.bankguru.scripts.NewCustomerScript@7692d9cc]" started-at="2019-10-24T20:45:09 ICT" name="NC25_TelephoneFieldWithSpecialCharacter" finished-at="2019-10-24T20:45:09 ICT" duration-ms="161" status="PASS">
          <reporter-output>
          </reporter-output>
        </test-method> <!-- NC25_TelephoneFieldWithSpecialCharacter -->
        <test-method is-config="true" signature="afterMethod(org.testng.ITestResult)[pri:0, instance:com.bankguru.scripts.NewCustomerScript@7692d9cc]" started-at="2019-10-24T20:45:09 ICT" name="afterMethod" finished-at="2019-10-24T20:45:09 ICT" duration-ms="1" status="PASS">
          <params>
            <param index="0">
              <value>
                <![CDATA[[TestResult name=NC25_TelephoneFieldWithSpecialCharacter status=SUCCESS method=NewCustomerScript.NC25_TelephoneFieldWithSpecialCharacter()[pri:0, instance:com.bankguru.scripts.NewCustomerScript@7692d9cc] output={null}]]]>
              </value>
            </param>
          </params>
          <reporter-output>
          </reporter-output>
        </test-method> <!-- afterMethod -->
        <test-method is-config="true" signature="BeforeMethod()[pri:0, instance:com.bankguru.scripts.NewCustomerScript@7692d9cc]" started-at="2019-10-24T20:45:09 ICT" name="BeforeMethod" finished-at="2019-10-24T20:45:11 ICT" duration-ms="2416" status="PASS">
          <reporter-output>
          </reporter-output>
        </test-method> <!-- BeforeMethod -->
        <test-method signature="NC26_EmailFieldEmpty()[pri:0, instance:com.bankguru.scripts.NewCustomerScript@7692d9cc]" started-at="2019-10-24T20:45:11 ICT" name="NC26_EmailFieldEmpty" finished-at="2019-10-24T20:45:12 ICT" duration-ms="141" status="PASS">
          <reporter-output>
          </reporter-output>
        </test-method> <!-- NC26_EmailFieldEmpty -->
        <test-method is-config="true" signature="afterMethod(org.testng.ITestResult)[pri:0, instance:com.bankguru.scripts.NewCustomerScript@7692d9cc]" started-at="2019-10-24T20:45:12 ICT" name="afterMethod" finished-at="2019-10-24T20:45:12 ICT" duration-ms="1" status="PASS">
          <params>
            <param index="0">
              <value>
                <![CDATA[[TestResult name=NC26_EmailFieldEmpty status=SUCCESS method=NewCustomerScript.NC26_EmailFieldEmpty()[pri:0, instance:com.bankguru.scripts.NewCustomerScript@7692d9cc] output={null}]]]>
              </value>
            </param>
          </params>
          <reporter-output>
          </reporter-output>
        </test-method> <!-- afterMethod -->
        <test-method is-config="true" signature="BeforeMethod()[pri:0, instance:com.bankguru.scripts.NewCustomerScript@7692d9cc]" started-at="2019-10-24T20:45:12 ICT" name="BeforeMethod" finished-at="2019-10-24T20:45:12 ICT" duration-ms="915" status="PASS">
          <reporter-output>
          </reporter-output>
        </test-method> <!-- BeforeMethod -->
        <test-method signature="NC27_EmailFieldWithIncorrectFormat()[pri:0, instance:com.bankguru.scripts.NewCustomerScript@7692d9cc]" started-at="2019-10-24T20:45:12 ICT" name="NC27_EmailFieldWithIncorrectFormat" finished-at="2019-10-24T20:45:13 ICT" duration-ms="165" status="PASS">
          <reporter-output>
          </reporter-output>
        </test-method> <!-- NC27_EmailFieldWithIncorrectFormat -->
        <test-method is-config="true" signature="afterMethod(org.testng.ITestResult)[pri:0, instance:com.bankguru.scripts.NewCustomerScript@7692d9cc]" started-at="2019-10-24T20:45:13 ICT" name="afterMethod" finished-at="2019-10-24T20:45:13 ICT" duration-ms="1" status="PASS">
          <params>
            <param index="0">
              <value>
                <![CDATA[[TestResult name=NC27_EmailFieldWithIncorrectFormat status=SUCCESS method=NewCustomerScript.NC27_EmailFieldWithIncorrectFormat()[pri:0, instance:com.bankguru.scripts.NewCustomerScript@7692d9cc] output={null}]]]>
              </value>
            </param>
          </params>
          <reporter-output>
          </reporter-output>
        </test-method> <!-- afterMethod -->
        <test-method is-config="true" signature="BeforeMethod()[pri:0, instance:com.bankguru.scripts.NewCustomerScript@7692d9cc]" started-at="2019-10-24T20:45:13 ICT" name="BeforeMethod" finished-at="2019-10-24T20:45:15 ICT" duration-ms="2690" status="PASS">
          <reporter-output>
          </reporter-output>
        </test-method> <!-- BeforeMethod -->
        <test-method signature="NC29_EmailFieldWithSpace()[pri:0, instance:com.bankguru.scripts.NewCustomerScript@7692d9cc]" started-at="2019-10-24T20:45:15 ICT" name="NC29_EmailFieldWithSpace" finished-at="2019-10-24T20:45:15 ICT" duration-ms="166" status="PASS">
          <reporter-output>
          </reporter-output>
        </test-method> <!-- NC29_EmailFieldWithSpace -->
        <test-method is-config="true" signature="afterMethod(org.testng.ITestResult)[pri:0, instance:com.bankguru.scripts.NewCustomerScript@7692d9cc]" started-at="2019-10-24T20:45:15 ICT" name="afterMethod" finished-at="2019-10-24T20:45:15 ICT" duration-ms="1" status="PASS">
          <params>
            <param index="0">
              <value>
                <![CDATA[[TestResult name=NC29_EmailFieldWithSpace status=SUCCESS method=NewCustomerScript.NC29_EmailFieldWithSpace()[pri:0, instance:com.bankguru.scripts.NewCustomerScript@7692d9cc] output={null}]]]>
              </value>
            </param>
          </params>
          <reporter-output>
          </reporter-output>
        </test-method> <!-- afterMethod -->
        <test-method is-config="true" signature="BeforeMethod()[pri:0, instance:com.bankguru.scripts.NewCustomerScript@7692d9cc]" started-at="2019-10-24T20:45:15 ICT" name="BeforeMethod" finished-at="2019-10-24T20:45:17 ICT" duration-ms="1168" status="PASS">
          <reporter-output>
          </reporter-output>
        </test-method> <!-- BeforeMethod -->
        <test-method signature="NC30_CreateNewCustomer()[pri:0, instance:com.bankguru.scripts.NewCustomerScript@7692d9cc]" started-at="2019-10-24T20:45:17 ICT" name="NC30_CreateNewCustomer" finished-at="2019-10-24T20:45:20 ICT" duration-ms="3652" status="PASS">
          <reporter-output>
          </reporter-output>
        </test-method> <!-- NC30_CreateNewCustomer -->
        <test-method is-config="true" signature="AfterClass()[pri:0, instance:com.bankguru.scripts.NewCustomerScript@7692d9cc]" started-at="2019-10-24T20:45:20 ICT" name="AfterClass" finished-at="2019-10-24T20:45:20 ICT" duration-ms="185" status="PASS">
          <reporter-output>
          </reporter-output>
        </test-method> <!-- AfterClass -->
        <test-method is-config="true" signature="afterMethod(org.testng.ITestResult)[pri:0, instance:com.bankguru.scripts.NewCustomerScript@7692d9cc]" started-at="2019-10-24T20:45:20 ICT" name="afterMethod" finished-at="2019-10-24T20:45:20 ICT" duration-ms="0" status="PASS">
          <params>
            <param index="0">
              <value>
                <![CDATA[[TestResult name=NC30_CreateNewCustomer status=SUCCESS method=NewCustomerScript.NC30_CreateNewCustomer()[pri:0, instance:com.bankguru.scripts.NewCustomerScript@7692d9cc] output={null}]]]>
              </value>
            </param>
          </params>
          <reporter-output>
          </reporter-output>
        </test-method> <!-- afterMethod -->
      </class> <!-- com.bankguru.scripts.NewCustomerScript -->
      <class name="com.bankguru.scripts.RegisterNewAccountScript">
        <test-method is-config="true" signature="BeforeClass(java.lang.String, java.lang.String, java.lang.String)[pri:0, instance:com.bankguru.scripts.RegisterNewAccountScript@2a32de6c]" started-at="2019-10-24T20:43:52 ICT" name="BeforeClass" finished-at="2019-10-24T20:44:04 ICT" duration-ms="11821" status="PASS">
          <params>
            <param index="0">
              <value>
                <![CDATA[chrome]]>
              </value>
            </param>
            <param index="1">
              <value>
                <![CDATA[78.0.3904.70]]>
              </value>
            </param>
            <param index="2">
              <value>
                <![CDATA[http://demo.guru99.com/v4/]]>
              </value>
            </param>
          </params>
          <reporter-output>
          </reporter-output>
        </test-method> <!-- BeforeClass -->
        <test-method signature="RegisterScript()[pri:0, instance:com.bankguru.scripts.RegisterNewAccountScript@2a32de6c]" started-at="2019-10-24T20:44:04 ICT" name="RegisterScript" finished-at="2019-10-24T20:44:10 ICT" duration-ms="5534" status="PASS">
          <reporter-output>
          </reporter-output>
        </test-method> <!-- RegisterScript -->
        <test-method is-config="true" signature="afterMethod(org.testng.ITestResult)[pri:0, instance:com.bankguru.scripts.RegisterNewAccountScript@2a32de6c]" started-at="2019-10-24T20:44:10 ICT" name="afterMethod" finished-at="2019-10-24T20:44:10 ICT" duration-ms="6" status="PASS">
          <params>
            <param index="0">
              <value>
                <![CDATA[[TestResult name=RegisterScript status=SUCCESS method=RegisterNewAccountScript.RegisterScript()[pri:0, instance:com.bankguru.scripts.RegisterNewAccountScript@2a32de6c] output={null}]]]>
              </value>
            </param>
          </params>
          <reporter-output>
          </reporter-output>
        </test-method> <!-- afterMethod -->
        <test-method is-config="true" signature="AfterClass()[pri:0, instance:com.bankguru.scripts.RegisterNewAccountScript@2a32de6c]" started-at="2019-10-24T20:44:10 ICT" name="AfterClass" finished-at="2019-10-24T20:44:10 ICT" duration-ms="360" status="PASS">
          <reporter-output>
          </reporter-output>
        </test-method> <!-- AfterClass -->
      </class> <!-- com.bankguru.scripts.RegisterNewAccountScript -->
    </test> <!-- TestWithChrome -->
  </suite> <!-- NgocTest -->
</testng-results>
