<?xml version="1.0" encoding="UTF-8"?>
<testng-results ignored="0" total="1" passed="1" failed="0" skipped="0">
  <reporter-output>
  </reporter-output>
  <suite started-at="2019-10-23T20:31:19 ICT" name="Default suite" finished-at="2019-10-23T20:31:23 ICT" duration-ms="4354">
    <groups>
    </groups>
    <test started-at="2019-10-23T20:31:19 ICT" name="Default test" finished-at="2019-10-23T20:31:23 ICT" duration-ms="4354">
      <class name="PracticeCSS.demo">
        <test-method is-config="true" signature="BeforeClass()[pri:0, instance:PracticeCSS.demo@6107227e]" started-at="2019-10-23T20:31:19 ICT" name="BeforeClass" finished-at="2019-10-23T20:31:21 ICT" duration-ms="2586" status="PASS">
          <reporter-output>
          </reporter-output>
        </test-method> <!-- BeforeClass -->
        <test-method signature="Exercise02()[pri:0, instance:PracticeCSS.demo@6107227e]" started-at="2019-10-23T20:31:21 ICT" name="Exercise02" finished-at="2019-10-23T20:31:23 ICT" duration-ms="1645" status="PASS">
          <reporter-output>
          </reporter-output>
        </test-method> <!-- Exercise02 -->
        <test-method is-config="true" signature="AfterClass()[pri:0, instance:PracticeCSS.demo@6107227e]" started-at="2019-10-23T20:31:23 ICT" name="AfterClass" finished-at="2019-10-23T20:31:23 ICT" duration-ms="96" status="PASS">
          <reporter-output>
          </reporter-output>
        </test-method> <!-- AfterClass -->
      </class> <!-- PracticeCSS.demo -->
    </test> <!-- Default test -->
  </suite> <!-- Default suite -->
</testng-results>
